------- A new download process started at: 2025-10-20 13:13:42 
[FAILED] Key factors of depression in middle-aged and older adults based on social-ecological systems theory: an interpretable machine learning approach.
Empty URL list
[FAILED] Actigraphy-based step analysis for the detection of depressed mood: An explainable machine learning approach.
Empty URL list
[FAILED] Developing a machine learning prediction model for postpartum psychiatric admission: Findings from the born in Queensland study.
Empty URL list
------- A new download process started at: 2025-10-20 13:17:34 
[FAILED] Key factors of depression in middle-aged and older adults based on social-ecological systems theory: an interpretable machine learning approach.
Empty URL list
[FAILED] Developing a machine learning prediction model for postpartum psychiatric admission: Findings from the born in Queensland study.
Empty URL list
[FAILED] Actigraphy-based step analysis for the detection of depressed mood: An explainable machine learning approach.
Empty URL list
[FAILED] A novel non-contact screening tool based on Vibraimage technology for detecting depressive disorder in psychiatric outpatients: A diagnostic accuracy study.
Empty URL list
------- A new download process started at: 2025-10-20 13:31:26 
[FAILED] A radiomics approach for predicting gait freezing in Parkinson's disease based on resting-state functional magnetic resonance imaging indices: A cross-sectional study.
Empty URL list
------- A new download process started at: 2025-10-20 13:33:18 
[FAILED] Key factors of depression in middle-aged and older adults based on social-ecological systems theory: an interpretable machine learning approach.
Empty URL list
[FAILED] A novel non-contact screening tool based on Vibraimage technology for detecting depressive disorder in psychiatric outpatients: A diagnostic accuracy study.
Empty URL list
[FAILED] Actigraphy-based step analysis for the detection of depressed mood: An explainable machine learning approach.
Empty URL list
------- A new download process started at: 2025-10-20 13:35:58 
[FAILED] Actigraphy-based step analysis for the detection of depressed mood: An explainable machine learning approach.
Empty URL list
[FAILED] A novel non-contact screening tool based on Vibraimage technology for detecting depressive disorder in psychiatric outpatients: A diagnostic accuracy study.
Empty URL list
[FAILED] A radiomics approach for predicting gait freezing in Parkinson's disease based on resting-state functional magnetic resonance imaging indices: A cross-sectional study.
Empty URL list
[FAILED] Developing a machine learning prediction model for postpartum psychiatric admission: Findings from the born in Queensland study.
Empty URL list
[FAILED] Key factors of depression in middle-aged and older adults based on social-ecological systems theory: an interpretable machine learning approach.
Empty URL list
